ra
	 258
	 700
250	@549440 : 0x0000e978 != @615320 : 0x0000e9f4
251	@551340 : 0x0000e990 != @615600 : 0x00004560
252	@551850 : 0x0000e8d4 != @616730 : 0x0000a23c
253	@552210 : 0x0000e990 != @617680 : 0x00004560
254	@553020 : 0x0000e9d4 != @618800 : 0x000044d0
255	@553240 : 0x0000e9dc != @619220 : 0x00000000
256	@553420 : 0x00004e34 != @622160 : 0x000005be
257	@553870 : 0x000000f4 != @623420 : 0x00000c5c
258	@554940 : 0x000000fc != @630950 : 0x00000cd4


sp
	 224
	 728
217	@548260 : 0x003fffc0 != @616040 : 0x003fffa0
219	@549550 : 0x003fff90 != @619590 : 0x003fffd0
220	@551090 : 0x003fffb0 != @620310 : 0x003fff90
221	@551540 : 0x003fffa0 != @622950 : 0x003fff50
222	@552280 : 0x003fffb0 != @631330 : 0x003fff20
223	@553540 : 0x003fffc0 != @632780 : 0x003fff10
224	@554650 : 0x003ffff0 != @635070 : 0x003fff20


s0
	 155
	 407
151	@548390 : 0x00016e94 != @616390 : 0xffffffff
152	@551700 : 0x00016ad8 != @617720 : 0x00016e2c
153	@552250 : 0x00016e94 != @619260 : 0x00000000
154	@553670 : 0x00016efc != @623090 : 0x00016ad8
155	@553910 : 0x00000000 != @632070 : 0x00016e2c


s1
	 275
	 526
272	@548560 : 0xffffffff != @623410 : 0x00015a5b
274	@553490 : 0xffffffff != @635070 : 0x00015a5b


a0
	 377
	 1204
372	@548670 : 0x00016ad8 != @616400 : 0x00000000
373	@550780 : 0x00000000 != @616870 : 0x00018000
374	@551330 : 0x00016ad8 != @618770 : 0xffffffff
375	@551710 : 0x00000002 != @619580 : 0x00000000
376	@551860 : 0xffffffff != @622100 : 0x000155b2
377	@554910 : 0x00000000 != @622130 : 0x00015a5b


a1
	 554
	 806
552	@548650 : 0x00016e94 != @622600 : 0x00015a5b
553	@551470 : 0x00000002 != @624530 : 0xffffffff
554	@552660 : 0x00000000 != @630100 : 0x00016e2c


a3
	 561
	 1075
561	@550260 : 0x00000000 != @618290 : 0x0000000f


a4
	 929
	 2207
926	@549900 : 0x00000000 != @617140 : 0x00400000
927	@549980 : 0x00001000 != @618250 : 0x6f000000
928	@550010 : 0x00000800 != @618280 : 0x6f51a000
929	@550270 : 0x00000812 != @623700 : 0x00015a5b


a5
	 1210
	 5173
1201	@548550 : 0x00000012 != @616760 : 0x00000000
1202	@548640 : 0x00000002 != @616880 : 0x00018000
1203	@549200 : 0x00000001 != @617380 : 0xffffffff
1204	@549270 : 0x00000012 != @618300 : 0x90afe000
1205	@551220 : 0x0000a568 != @623670 : 0x00000003
1206	@551960 : 0xffffffff != @624220 : 0x00000043
1207	@552090 : 0x00000000 != @624650 : 0x45323356
1208	@552490 : 0x00000812 != @624680 : 0xc4b1b2d5
1209	@552510 : 0x00000000 != @624740 : 0xc5b3b3d7
1210	@555210 : 0x20000000 != @624770 : 0xffffffff


s3
	 138
	 136
136	@549920 : 0x00016ad8 != @619540 : 0x00004e34


s4
	 31
	 158
31	@554500 : 0x00000000 != @619580 : 0x00016e2c


s6
	 44
	 170
44	@553790 : 0x00000000 != @632030 : 0x003fff64


